<?xml version="1.0" encoding="UTF-8"?>
<!-- Generated by org.testng.reporters.JUnitXMLReporter -->
<testsuite ignored="0" hostname="KTL-PC-0016-PRECIOUS" failures="1" tests="2" name="Linux-Firefox" time="48.572" errors="0" timestamp="2025-03-10T14:12:00 WAT">
  <testcase classname="testCases.TC002_LoginTest" name="verify_login" time="13.453">
    <failure type="java.lang.AssertionError" message="null">
      <![CDATA[java.lang.AssertionError: null
at testCases.TC002_LoginTest.verify_login(TC002_LoginTest.java:42)
at java.base/java.util.ArrayList.forEach(ArrayList.java:1597)
... Removed 31 stack frames]]>
    </failure>
  </testcase> <!-- verify_login -->
  <testcase classname="testCases.TC001_AccountRegistrationTest" name="verify_account_registration" time="5.222"/>
</testsuite> <!-- Linux-Firefox -->
